android-customer-display/app/build/intermediates/manifest_merge_blame_file/debug/manifest-merger-blame-debug-report.txt
1<?xml version="1.0" encoding="utf-8"?>
2<manifest xmlns:android="http://schemas.android.com/apk/res/android"
3    package="com.islandtacos.display.debug"
4    android:versionCode="1"
5    android:versionName="1.0" >
6
7    <uses-sdk
8        android:minSdkVersion="21"
9        android:targetSdkVersion="33" />
10
11    <uses-permission android:name="android.permission.INTERNET" />
11-->src/main/AndroidManifest.xml:4:5-67
11-->src/main/AndroidManifest.xml:4:22-64
12
13    <application
13-->src/main/AndroidManifest.xml:6:5-24:19
14        android:allowBackup="false"
14-->src/main/AndroidManifest.xml:8:9-36
15        android:debuggable="true"
16        android:extractNativeLibs="true"
17        android:hardwareAccelerated="true"
17-->src/main/AndroidManifest.xml:9:9-43
18        android:label="IT Customer Display"
18-->src/main/AndroidManifest.xml:7:9-44
19        android:usesCleartextTraffic="true" >
19-->src/main/AndroidManifest.xml:10:9-44
20        <activity
20-->src/main/AndroidManifest.xml:12:9-23:20
21            android:name="com.islandtacos.display.MainActivity"
21-->src/main/AndroidManifest.xml:13:13-41
22            android:configChanges="orientation|screenSize|keyboardHidden"
22-->src/main/AndroidManifest.xml:18:13-74
23            android:exported="true"
23-->src/main/AndroidManifest.xml:14:13-36
24            android:launchMode="singleTop"
24-->src/main/AndroidManifest.xml:17:13-43
25            android:screenOrientation="sensorLandscape"
25-->src/main/AndroidManifest.xml:16:13-56
26            android:theme="@android:style/Theme.Black.NoTitleBar.Fullscreen" >
26-->src/main/AndroidManifest.xml:15:13-77
27            <intent-filter>
27-->src/main/AndroidManifest.xml:19:13-22:29
28                <action android:name="android.intent.action.MAIN" />
28-->src/main/AndroidManifest.xml:20:17-69
28-->src/main/AndroidManifest.xml:20:25-66
29
30                <category android:name="android.intent.category.LAUNCHER" />
30-->src/main/AndroidManifest.xml:21:17-77
30-->src/main/AndroidManifest.xml:21:27-74
31            </intent-filter>
32        </activity>
33    </application>
34
35</manifest>